
*** Running vivado
    with args -log top_level.vds -m64 -product Vivado -mode batch -messageDb vivado.pb -notrace -source top_level.tcl


****** Vivado v2018.2 (64-bit)
  **** SW Build 2258646 on Thu Jun 14 20:03:12 MDT 2018
  **** IP Build 2256618 on Thu Jun 14 22:10:49 MDT 2018
    ** Copyright 1986-2018 Xilinx, Inc. All Rights Reserved.

source top_level.tcl -notrace
Command: synth_design -top top_level -part xc7a35tcpg236-1
Starting synth_design
Attempting to get a license for feature 'Synthesis' and/or device 'xc7a35t'
INFO: [Common 17-349] Got license for feature 'Synthesis' and/or device 'xc7a35t'
INFO: Launching helper process for spawning children vivado processes
INFO: Helper process launched with PID 16448 
---------------------------------------------------------------------------------
Starting RTL Elaboration : Time (s): cpu = 00:00:04 ; elapsed = 00:00:05 . Memory (MB): peak = 356.301 ; gain = 99.617
---------------------------------------------------------------------------------
INFO: [Synth 8-638] synthesizing module 'top_level' [C:/Users/browt/Documents/EE-CE Materials/VHDL Projects/scrolling_marquee/scrolling_marquee.srcs/sources_1/new/top_level.vhd:12]
INFO: [Synth 8-3491] module 'var_clock_divider' declared at 'C:/Users/browt/Documents/EE-CE Materials/VHDL Projects/VHDL Custom Module Directory/var_clock_divider.vhd:10' bound to instance 'U5' of component 'var_clock_divider' [C:/Users/browt/Documents/EE-CE Materials/VHDL Projects/scrolling_marquee/scrolling_marquee.srcs/sources_1/new/top_level.vhd:83]
INFO: [Synth 8-638] synthesizing module 'var_clock_divider' [C:/Users/browt/Documents/EE-CE Materials/VHDL Projects/VHDL Custom Module Directory/var_clock_divider.vhd:16]
INFO: [Synth 8-256] done synthesizing module 'var_clock_divider' (1#1) [C:/Users/browt/Documents/EE-CE Materials/VHDL Projects/VHDL Custom Module Directory/var_clock_divider.vhd:16]
INFO: [Synth 8-3491] module 'count_up_and_delay' declared at 'C:/Users/browt/Documents/EE-CE Materials/VHDL Projects/VHDL Custom Module Directory/count_up_and_delay.vhd:6' bound to instance 'count_18' of component 'count_up_and_delay' [C:/Users/browt/Documents/EE-CE Materials/VHDL Projects/scrolling_marquee/scrolling_marquee.srcs/sources_1/new/top_level.vhd:87]
INFO: [Synth 8-638] synthesizing module 'count_up_and_delay' [C:/Users/browt/Documents/EE-CE Materials/VHDL Projects/VHDL Custom Module Directory/count_up_and_delay.vhd:13]
INFO: [Synth 8-256] done synthesizing module 'count_up_and_delay' (2#1) [C:/Users/browt/Documents/EE-CE Materials/VHDL Projects/VHDL Custom Module Directory/count_up_and_delay.vhd:13]
INFO: [Synth 8-3491] module 'char_sequence_decoder' declared at 'C:/Users/browt/Documents/EE-CE Materials/VHDL Projects/scrolling_marquee/scrolling_marquee.srcs/sources_1/new/char_sequence_decoder.vhd:6' bound to instance 'U1' of component 'char_sequence_decoder' [C:/Users/browt/Documents/EE-CE Materials/VHDL Projects/scrolling_marquee/scrolling_marquee.srcs/sources_1/new/top_level.vhd:92]
INFO: [Synth 8-638] synthesizing module 'char_sequence_decoder' [C:/Users/browt/Documents/EE-CE Materials/VHDL Projects/scrolling_marquee/scrolling_marquee.srcs/sources_1/new/char_sequence_decoder.vhd:11]
INFO: [Synth 8-256] done synthesizing module 'char_sequence_decoder' (3#1) [C:/Users/browt/Documents/EE-CE Materials/VHDL Projects/scrolling_marquee/scrolling_marquee.srcs/sources_1/new/char_sequence_decoder.vhd:11]
INFO: [Synth 8-3491] module 'buffer_6_bit' declared at 'C:/Users/browt/Documents/EE-CE Materials/VHDL Projects/scrolling_marquee/scrolling_marquee.srcs/sources_1/new/buffer_6_bit.vhd:6' bound to instance 'buffer_a' of component 'buffer_6_bit' [C:/Users/browt/Documents/EE-CE Materials/VHDL Projects/scrolling_marquee/scrolling_marquee.srcs/sources_1/new/top_level.vhd:95]
INFO: [Synth 8-638] synthesizing module 'buffer_6_bit' [C:/Users/browt/Documents/EE-CE Materials/VHDL Projects/scrolling_marquee/scrolling_marquee.srcs/sources_1/new/buffer_6_bit.vhd:12]
INFO: [Synth 8-256] done synthesizing module 'buffer_6_bit' (4#1) [C:/Users/browt/Documents/EE-CE Materials/VHDL Projects/scrolling_marquee/scrolling_marquee.srcs/sources_1/new/buffer_6_bit.vhd:12]
INFO: [Synth 8-3491] module 'buffer_6_bit' declared at 'C:/Users/browt/Documents/EE-CE Materials/VHDL Projects/scrolling_marquee/scrolling_marquee.srcs/sources_1/new/buffer_6_bit.vhd:6' bound to instance 'buffer_b' of component 'buffer_6_bit' [C:/Users/browt/Documents/EE-CE Materials/VHDL Projects/scrolling_marquee/scrolling_marquee.srcs/sources_1/new/top_level.vhd:98]
INFO: [Synth 8-3491] module 'buffer_6_bit' declared at 'C:/Users/browt/Documents/EE-CE Materials/VHDL Projects/scrolling_marquee/scrolling_marquee.srcs/sources_1/new/buffer_6_bit.vhd:6' bound to instance 'buffer_c' of component 'buffer_6_bit' [C:/Users/browt/Documents/EE-CE Materials/VHDL Projects/scrolling_marquee/scrolling_marquee.srcs/sources_1/new/top_level.vhd:101]
INFO: [Synth 8-3491] module 'seven_segment_decoder' declared at 'C:/Users/browt/Documents/EE-CE Materials/VHDL Projects/VHDL Custom Module Directory/seven_segment_decoder.vhd:19' bound to instance 'SEG_A' of component 'seven_segment_decoder' [C:/Users/browt/Documents/EE-CE Materials/VHDL Projects/scrolling_marquee/scrolling_marquee.srcs/sources_1/new/top_level.vhd:114]
INFO: [Synth 8-638] synthesizing module 'seven_segment_decoder' [C:/Users/browt/Documents/EE-CE Materials/VHDL Projects/VHDL Custom Module Directory/seven_segment_decoder.vhd:25]
INFO: [Synth 8-256] done synthesizing module 'seven_segment_decoder' (5#1) [C:/Users/browt/Documents/EE-CE Materials/VHDL Projects/VHDL Custom Module Directory/seven_segment_decoder.vhd:25]
INFO: [Synth 8-3491] module 'seven_segment_decoder' declared at 'C:/Users/browt/Documents/EE-CE Materials/VHDL Projects/VHDL Custom Module Directory/seven_segment_decoder.vhd:19' bound to instance 'SEG_B' of component 'seven_segment_decoder' [C:/Users/browt/Documents/EE-CE Materials/VHDL Projects/scrolling_marquee/scrolling_marquee.srcs/sources_1/new/top_level.vhd:117]
INFO: [Synth 8-3491] module 'seven_segment_decoder' declared at 'C:/Users/browt/Documents/EE-CE Materials/VHDL Projects/VHDL Custom Module Directory/seven_segment_decoder.vhd:19' bound to instance 'SEG_C' of component 'seven_segment_decoder' [C:/Users/browt/Documents/EE-CE Materials/VHDL Projects/scrolling_marquee/scrolling_marquee.srcs/sources_1/new/top_level.vhd:120]
INFO: [Synth 8-3491] module 'seven_segment_decoder' declared at 'C:/Users/browt/Documents/EE-CE Materials/VHDL Projects/VHDL Custom Module Directory/seven_segment_decoder.vhd:19' bound to instance 'SEG_D' of component 'seven_segment_decoder' [C:/Users/browt/Documents/EE-CE Materials/VHDL Projects/scrolling_marquee/scrolling_marquee.srcs/sources_1/new/top_level.vhd:123]
INFO: [Synth 8-3491] module 'multiplexer_seven_segment_display' declared at 'C:/Users/browt/Documents/EE-CE Materials/VHDL Projects/VHDL Custom Module Directory/multiplexer_seven_segment_display.vhd:9' bound to instance 'M1' of component 'multiplexer_seven_segment_display' [C:/Users/browt/Documents/EE-CE Materials/VHDL Projects/scrolling_marquee/scrolling_marquee.srcs/sources_1/new/top_level.vhd:127]
INFO: [Synth 8-638] synthesizing module 'multiplexer_seven_segment_display' [C:/Users/browt/Documents/EE-CE Materials/VHDL Projects/VHDL Custom Module Directory/multiplexer_seven_segment_display.vhd:16]
INFO: [Synth 8-3491] module 'var_clock_divider_2' declared at 'C:/Users/browt/Documents/EE-CE Materials/VHDL Projects/VHDL Custom Module Directory/var_clock_divider_2.vhd:11' bound to instance 'mux_clk_div' of component 'var_clock_divider_2' [C:/Users/browt/Documents/EE-CE Materials/VHDL Projects/VHDL Custom Module Directory/multiplexer_seven_segment_display.vhd:46]
INFO: [Synth 8-638] synthesizing module 'var_clock_divider_2' [C:/Users/browt/Documents/EE-CE Materials/VHDL Projects/VHDL Custom Module Directory/var_clock_divider_2.vhd:17]
INFO: [Synth 8-256] done synthesizing module 'var_clock_divider_2' (6#1) [C:/Users/browt/Documents/EE-CE Materials/VHDL Projects/VHDL Custom Module Directory/var_clock_divider_2.vhd:17]
INFO: [Synth 8-3491] module 'two_bit_counter' declared at 'C:/Users/browt/Documents/EE-CE Materials/VHDL Projects/VHDL Custom Module Directory/two_bit_counter.vhd:9' bound to instance 'mux_cntr' of component 'two_bit_counter' [C:/Users/browt/Documents/EE-CE Materials/VHDL Projects/VHDL Custom Module Directory/multiplexer_seven_segment_display.vhd:50]
INFO: [Synth 8-638] synthesizing module 'two_bit_counter' [C:/Users/browt/Documents/EE-CE Materials/VHDL Projects/VHDL Custom Module Directory/two_bit_counter.vhd:14]
INFO: [Synth 8-256] done synthesizing module 'two_bit_counter' (7#1) [C:/Users/browt/Documents/EE-CE Materials/VHDL Projects/VHDL Custom Module Directory/two_bit_counter.vhd:14]
INFO: [Synth 8-3491] module 'anode_selector' declared at 'C:/Users/browt/Documents/EE-CE Materials/VHDL Projects/VHDL Custom Module Directory/anode_selector.vhd:10' bound to instance 'anode_sel' of component 'anode_selector' [C:/Users/browt/Documents/EE-CE Materials/VHDL Projects/VHDL Custom Module Directory/multiplexer_seven_segment_display.vhd:54]
INFO: [Synth 8-638] synthesizing module 'anode_selector' [C:/Users/browt/Documents/EE-CE Materials/VHDL Projects/VHDL Custom Module Directory/anode_selector.vhd:15]
INFO: [Synth 8-256] done synthesizing module 'anode_selector' (8#1) [C:/Users/browt/Documents/EE-CE Materials/VHDL Projects/VHDL Custom Module Directory/anode_selector.vhd:15]
INFO: [Synth 8-3491] module 'multiplexer_8_bit_4_to_1' declared at 'C:/Users/browt/Documents/EE-CE Materials/VHDL Projects/VHDL Custom Module Directory/multiplexer_8_bit_4_to_1.vhd:9' bound to instance 'M1' of component 'multiplexer_8_bit_4_to_1' [C:/Users/browt/Documents/EE-CE Materials/VHDL Projects/VHDL Custom Module Directory/multiplexer_seven_segment_display.vhd:57]
INFO: [Synth 8-638] synthesizing module 'multiplexer_8_bit_4_to_1' [C:/Users/browt/Documents/EE-CE Materials/VHDL Projects/VHDL Custom Module Directory/multiplexer_8_bit_4_to_1.vhd:15]
INFO: [Synth 8-256] done synthesizing module 'multiplexer_8_bit_4_to_1' (9#1) [C:/Users/browt/Documents/EE-CE Materials/VHDL Projects/VHDL Custom Module Directory/multiplexer_8_bit_4_to_1.vhd:15]
INFO: [Synth 8-256] done synthesizing module 'multiplexer_seven_segment_display' (10#1) [C:/Users/browt/Documents/EE-CE Materials/VHDL Projects/VHDL Custom Module Directory/multiplexer_seven_segment_display.vhd:16]
INFO: [Synth 8-256] done synthesizing module 'top_level' (11#1) [C:/Users/browt/Documents/EE-CE Materials/VHDL Projects/scrolling_marquee/scrolling_marquee.srcs/sources_1/new/top_level.vhd:12]
WARNING: [Synth 8-3331] design count_up_and_delay has unconnected port count_value[9]
WARNING: [Synth 8-3331] design count_up_and_delay has unconnected port count_value[8]
WARNING: [Synth 8-3331] design count_up_and_delay has unconnected port count_value[7]
WARNING: [Synth 8-3331] design count_up_and_delay has unconnected port count_value[6]
---------------------------------------------------------------------------------
Finished RTL Elaboration : Time (s): cpu = 00:00:06 ; elapsed = 00:00:08 . Memory (MB): peak = 410.883 ; gain = 154.199
---------------------------------------------------------------------------------

Report Check Netlist: 
+------+------------------+-------+---------+-------+------------------+
|      |Item              |Errors |Warnings |Status |Description       |
+------+------------------+-------+---------+-------+------------------+
|1     |multi_driven_nets |      0|        0|Passed |Multi driven nets |
+------+------------------+-------+---------+-------+------------------+
---------------------------------------------------------------------------------
Start Handling Custom Attributes
---------------------------------------------------------------------------------
---------------------------------------------------------------------------------
Finished Handling Custom Attributes : Time (s): cpu = 00:00:06 ; elapsed = 00:00:08 . Memory (MB): peak = 410.883 ; gain = 154.199
---------------------------------------------------------------------------------
---------------------------------------------------------------------------------
Finished RTL Optimization Phase 1 : Time (s): cpu = 00:00:06 ; elapsed = 00:00:08 . Memory (MB): peak = 410.883 ; gain = 154.199
---------------------------------------------------------------------------------
INFO: [Device 21-403] Loading part xc7a35tcpg236-1
INFO: [Project 1-570] Preparing netlist for logic optimization

Processing XDC Constraints
Initializing timing engine
Parsing XDC File [C:/Users/browt/Documents/EE-CE Materials/VHDL Projects/scrolling_marquee/scrolling_marquee.srcs/constrs_1/new/constraints.xdc]
Finished Parsing XDC File [C:/Users/browt/Documents/EE-CE Materials/VHDL Projects/scrolling_marquee/scrolling_marquee.srcs/constrs_1/new/constraints.xdc]
INFO: [Project 1-236] Implementation specific constraints were found while reading constraint file [C:/Users/browt/Documents/EE-CE Materials/VHDL Projects/scrolling_marquee/scrolling_marquee.srcs/constrs_1/new/constraints.xdc]. These constraints will be ignored for synthesis but will be used in implementation. Impacted constraints are listed in the file [.Xil/top_level_propImpl.xdc].
Resolution: To avoid this warning, move constraints listed in [.Xil/top_level_propImpl.xdc] to another XDC file and exclude this new file from synthesis with the used_in_synthesis property (File Properties dialog in GUI) and re-run elaboration/synthesis.
Completed Processing XDC Constraints

INFO: [Project 1-111] Unisim Transformation Summary:
No Unisim elements were transformed.

Constraint Validation Runtime : Time (s): cpu = 00:00:00 ; elapsed = 00:00:00.006 . Memory (MB): peak = 746.746 ; gain = 0.000
---------------------------------------------------------------------------------
Finished Constraint Validation : Time (s): cpu = 00:00:18 ; elapsed = 00:00:23 . Memory (MB): peak = 746.746 ; gain = 490.063
---------------------------------------------------------------------------------
---------------------------------------------------------------------------------
Start Loading Part and Timing Information
---------------------------------------------------------------------------------
Loading part: xc7a35tcpg236-1
---------------------------------------------------------------------------------
Finished Loading Part and Timing Information : Time (s): cpu = 00:00:18 ; elapsed = 00:00:23 . Memory (MB): peak = 746.746 ; gain = 490.063
---------------------------------------------------------------------------------
---------------------------------------------------------------------------------
Start Applying 'set_property' XDC Constraints
---------------------------------------------------------------------------------
---------------------------------------------------------------------------------
Finished applying 'set_property' XDC Constraints : Time (s): cpu = 00:00:18 ; elapsed = 00:00:23 . Memory (MB): peak = 746.746 ; gain = 490.063
---------------------------------------------------------------------------------
---------------------------------------------------------------------------------
Finished RTL Optimization Phase 2 : Time (s): cpu = 00:00:19 ; elapsed = 00:00:24 . Memory (MB): peak = 746.746 ; gain = 490.063
---------------------------------------------------------------------------------

Report RTL Partitions: 
+-+--------------+------------+----------+
| |RTL Partition |Replication |Instances |
+-+--------------+------------+----------+
+-+--------------+------------+----------+
---------------------------------------------------------------------------------
Start RTL Component Statistics 
---------------------------------------------------------------------------------
Detailed RTL Component Info : 
+---Adders : 
	   2 Input     10 Bit       Adders := 1     
	   2 Input      5 Bit       Adders := 1     
	   2 Input      2 Bit       Adders := 1     
+---Registers : 
	               10 Bit    Registers := 1     
	                6 Bit    Registers := 3     
	                5 Bit    Registers := 1     
	                2 Bit    Registers := 1     
	                1 Bit    Registers := 2     
+---Muxes : 
	  34 Input      8 Bit        Muxes := 4     
	   5 Input      8 Bit        Muxes := 1     
	  14 Input      6 Bit        Muxes := 1     
	   5 Input      4 Bit        Muxes := 1     
---------------------------------------------------------------------------------
Finished RTL Component Statistics 
---------------------------------------------------------------------------------
---------------------------------------------------------------------------------
Start RTL Hierarchical Component Statistics 
---------------------------------------------------------------------------------
Hierarchical RTL Component report 
Module var_clock_divider 
Detailed RTL Component Info : 
+---Registers : 
	                1 Bit    Registers := 1     
Module count_up_and_delay 
Detailed RTL Component Info : 
+---Adders : 
	   2 Input     10 Bit       Adders := 1     
	   2 Input      5 Bit       Adders := 1     
+---Registers : 
	               10 Bit    Registers := 1     
	                5 Bit    Registers := 1     
	                1 Bit    Registers := 1     
Module char_sequence_decoder 
Detailed RTL Component Info : 
+---Muxes : 
	  14 Input      6 Bit        Muxes := 1     
Module buffer_6_bit 
Detailed RTL Component Info : 
+---Registers : 
	                6 Bit    Registers := 1     
Module seven_segment_decoder 
Detailed RTL Component Info : 
+---Muxes : 
	  34 Input      8 Bit        Muxes := 1     
Module two_bit_counter 
Detailed RTL Component Info : 
+---Adders : 
	   2 Input      2 Bit       Adders := 1     
+---Registers : 
	                2 Bit    Registers := 1     
Module anode_selector 
Detailed RTL Component Info : 
+---Muxes : 
	   5 Input      4 Bit        Muxes := 1     
Module multiplexer_8_bit_4_to_1 
Detailed RTL Component Info : 
+---Muxes : 
	   5 Input      8 Bit        Muxes := 1     
---------------------------------------------------------------------------------
Finished RTL Hierarchical Component Statistics
---------------------------------------------------------------------------------
---------------------------------------------------------------------------------
Start Part Resource Summary
---------------------------------------------------------------------------------
Part Resources:
DSPs: 90 (col length:60)
BRAMs: 100 (col length: RAMB18 60 RAMB36 30)
---------------------------------------------------------------------------------
Finished Part Resource Summary
---------------------------------------------------------------------------------
---------------------------------------------------------------------------------
Start Cross Boundary and Area Optimization
---------------------------------------------------------------------------------
Warning: Parallel synthesis criteria is not met 
WARNING: [Synth 8-3917] design top_level has port seg_out[7] driven by constant 1
INFO: [Synth 8-3886] merging instance 'i_1/U5/count_reg[26]' (FDR) to 'i_1/U5/count_reg[29]'
INFO: [Synth 8-3886] merging instance 'i_1/U5/count_reg[28]' (FDR) to 'i_1/U5/count_reg[29]'
INFO: [Synth 8-3886] merging instance 'i_1/U5/count_reg[27]' (FDR) to 'i_1/U5/count_reg[29]'
INFO: [Synth 8-3333] propagating constant 0 across sequential element (i_1/\U5/count_reg[29] )
---------------------------------------------------------------------------------
Finished Cross Boundary and Area Optimization : Time (s): cpu = 00:00:23 ; elapsed = 00:00:28 . Memory (MB): peak = 746.746 ; gain = 490.063
---------------------------------------------------------------------------------

Report RTL Partitions: 
+-+--------------+------------+----------+
| |RTL Partition |Replication |Instances |
+-+--------------+------------+----------+
+-+--------------+------------+----------+
---------------------------------------------------------------------------------
Start Applying XDC Timing Constraints
---------------------------------------------------------------------------------
---------------------------------------------------------------------------------
Finished Applying XDC Timing Constraints : Time (s): cpu = 00:00:35 ; elapsed = 00:00:41 . Memory (MB): peak = 746.746 ; gain = 490.063
---------------------------------------------------------------------------------
---------------------------------------------------------------------------------
Start Timing Optimization
---------------------------------------------------------------------------------
---------------------------------------------------------------------------------
Finished Timing Optimization : Time (s): cpu = 00:00:35 ; elapsed = 00:00:41 . Memory (MB): peak = 761.051 ; gain = 504.367
---------------------------------------------------------------------------------

Report RTL Partitions: 
+-+--------------+------------+----------+
| |RTL Partition |Replication |Instances |
+-+--------------+------------+----------+
+-+--------------+------------+----------+
---------------------------------------------------------------------------------
Start Technology Mapping
---------------------------------------------------------------------------------
---------------------------------------------------------------------------------
Finished Technology Mapping : Time (s): cpu = 00:00:35 ; elapsed = 00:00:42 . Memory (MB): peak = 762.340 ; gain = 505.656
---------------------------------------------------------------------------------

Report RTL Partitions: 
+-+--------------+------------+----------+
| |RTL Partition |Replication |Instances |
+-+--------------+------------+----------+
+-+--------------+------------+----------+
---------------------------------------------------------------------------------
Start IO Insertion
---------------------------------------------------------------------------------
---------------------------------------------------------------------------------
Start Flattening Before IO Insertion
---------------------------------------------------------------------------------
---------------------------------------------------------------------------------
Finished Flattening Before IO Insertion
---------------------------------------------------------------------------------
---------------------------------------------------------------------------------
Start Final Netlist Cleanup
---------------------------------------------------------------------------------
---------------------------------------------------------------------------------
Finished Final Netlist Cleanup
---------------------------------------------------------------------------------
---------------------------------------------------------------------------------
Finished IO Insertion : Time (s): cpu = 00:00:37 ; elapsed = 00:00:43 . Memory (MB): peak = 762.340 ; gain = 505.656
---------------------------------------------------------------------------------

Report Check Netlist: 
+------+------------------+-------+---------+-------+------------------+
|      |Item              |Errors |Warnings |Status |Description       |
+------+------------------+-------+---------+-------+------------------+
|1     |multi_driven_nets |      0|        0|Passed |Multi driven nets |
+------+------------------+-------+---------+-------+------------------+
---------------------------------------------------------------------------------
Start Renaming Generated Instances
---------------------------------------------------------------------------------
---------------------------------------------------------------------------------
Finished Renaming Generated Instances : Time (s): cpu = 00:00:37 ; elapsed = 00:00:43 . Memory (MB): peak = 762.340 ; gain = 505.656
---------------------------------------------------------------------------------

Report RTL Partitions: 
+-+--------------+------------+----------+
| |RTL Partition |Replication |Instances |
+-+--------------+------------+----------+
+-+--------------+------------+----------+
---------------------------------------------------------------------------------
Start Rebuilding User Hierarchy
---------------------------------------------------------------------------------
---------------------------------------------------------------------------------
Finished Rebuilding User Hierarchy : Time (s): cpu = 00:00:37 ; elapsed = 00:00:43 . Memory (MB): peak = 762.340 ; gain = 505.656
---------------------------------------------------------------------------------
---------------------------------------------------------------------------------
Start Renaming Generated Ports
---------------------------------------------------------------------------------
---------------------------------------------------------------------------------
Finished Renaming Generated Ports : Time (s): cpu = 00:00:37 ; elapsed = 00:00:43 . Memory (MB): peak = 762.340 ; gain = 505.656
---------------------------------------------------------------------------------
---------------------------------------------------------------------------------
Start Handling Custom Attributes
---------------------------------------------------------------------------------
---------------------------------------------------------------------------------
Finished Handling Custom Attributes : Time (s): cpu = 00:00:37 ; elapsed = 00:00:43 . Memory (MB): peak = 762.340 ; gain = 505.656
---------------------------------------------------------------------------------
---------------------------------------------------------------------------------
Start Renaming Generated Nets
---------------------------------------------------------------------------------
---------------------------------------------------------------------------------
Finished Renaming Generated Nets : Time (s): cpu = 00:00:37 ; elapsed = 00:00:43 . Memory (MB): peak = 762.340 ; gain = 505.656
---------------------------------------------------------------------------------
---------------------------------------------------------------------------------
Start Writing Synthesis Report
---------------------------------------------------------------------------------

Report BlackBoxes: 
+-+--------------+----------+
| |BlackBox name |Instances |
+-+--------------+----------+
+-+--------------+----------+

Report Cell Usage: 
+------+-------+------+
|      |Cell   |Count |
+------+-------+------+
|1     |BUFG   |     2|
|2     |CARRY4 |    12|
|3     |LUT1   |     5|
|4     |LUT2   |    10|
|5     |LUT3   |     8|
|6     |LUT4   |     8|
|7     |LUT5   |    15|
|8     |LUT6   |    54|
|9     |MUXF7  |     9|
|10    |MUXF8  |     4|
|11    |FDRE   |    77|
|12    |FDSE   |     1|
|13    |IBUF   |     1|
|14    |OBUF   |    12|
+------+-------+------+

Report Instance Areas: 
+------+----------------+----------------------------------+------+
|      |Instance        |Module                            |Cells |
+------+----------------+----------------------------------+------+
|1     |top             |                                  |   218|
|2     |  M1            |multiplexer_seven_segment_display |    48|
|3     |    mux_clk_div |var_clock_divider_2               |    24|
|4     |    mux_cntr    |two_bit_counter                   |    24|
|5     |  U5            |var_clock_divider                 |    71|
|6     |  buffer_a      |buffer_6_bit                      |    13|
|7     |  buffer_b      |buffer_6_bit_0                    |    13|
|8     |  buffer_c      |buffer_6_bit_1                    |    13|
|9     |  count_18      |count_up_and_delay                |    45|
+------+----------------+----------------------------------+------+
---------------------------------------------------------------------------------
Finished Writing Synthesis Report : Time (s): cpu = 00:00:37 ; elapsed = 00:00:43 . Memory (MB): peak = 762.340 ; gain = 505.656
---------------------------------------------------------------------------------
Synthesis finished with 0 errors, 0 critical warnings and 1 warnings.
Synthesis Optimization Runtime : Time (s): cpu = 00:00:22 ; elapsed = 00:00:32 . Memory (MB): peak = 762.340 ; gain = 169.793
Synthesis Optimization Complete : Time (s): cpu = 00:00:37 ; elapsed = 00:00:44 . Memory (MB): peak = 762.340 ; gain = 505.656
INFO: [Project 1-571] Translating synthesized netlist
INFO: [Netlist 29-17] Analyzing 26 Unisim elements for replacement
INFO: [Netlist 29-28] Unisim Transformation completed in 0 CPU seconds
INFO: [Project 1-570] Preparing netlist for logic optimization
INFO: [Opt 31-138] Pushed 0 inverter(s) to 0 load pin(s).
INFO: [Project 1-111] Unisim Transformation Summary:
No Unisim elements were transformed.

INFO: [Common 17-83] Releasing license: Synthesis
53 Infos, 5 Warnings, 0 Critical Warnings and 0 Errors encountered.
synth_design completed successfully
synth_design: Time (s): cpu = 00:00:39 ; elapsed = 00:00:46 . Memory (MB): peak = 762.340 ; gain = 518.672
WARNING: [Constraints 18-5210] No constraint will be written out.
INFO: [Common 17-1381] The checkpoint 'C:/Users/browt/Documents/EE-CE Materials/VHDL Projects/scrolling_marquee/scrolling_marquee.runs/synth_1/top_level.dcp' has been generated.
INFO: [runtcl-4] Executing : report_utilization -file top_level_utilization_synth.rpt -pb top_level_utilization_synth.pb
report_utilization: Time (s): cpu = 00:00:00 ; elapsed = 00:00:00.046 . Memory (MB): peak = 762.340 ; gain = 0.000
INFO: [Common 17-206] Exiting Vivado at Sun Dec 15 18:11:54 2019...
